mix compile
Compiling 14 files (.ex)
Generated raft app
-------------------------------------------------------------------
server1-0001 role=LEADER    term=001 !inf "Become leader"
  time = 500 client requests seen = [{1, 48}]
  time = 500      db updates done = [{1, 47}, {2, 47}, {3, 42}, {4, 42}, {5, 42}]

  time = 1000 client requests seen = [{1, 191}]
  time = 1000      db updates done = [{1, 187}, {2, 187}, {3, 187}, {4, 187}, {5, 187}]

  time = 1500 client requests seen = [{1, 329}]
  time = 1500      db updates done = [{1, 327}, {2, 327}, {3, 327}, {4, 322}, {5, 322}]

  time = 2000 client requests seen = [{1, 465}]
  time = 2000      db updates done = [{1, 462}, {2, 462}, {3, 462}, {4, 462}, {5, 462}]

  time = 2500 client requests seen = [{1, 595}]
  time = 2500      db updates done = [{1, 592}, {2, 592}, {3, 592}, {4, 592}, {5, 592}]

  time = 3000 client requests seen = [{1, 694}]
  time = 3000      db updates done = [{1, 692}, {2, 692}, {3, 692}, {4, 687}, {5, 691}]

  time = 3500 client requests seen = [{1, 807}]
  time = 3500      db updates done = [{1, 802}, {2, 802}, {3, 802}, {4, 802}, {5, 802}]

  time = 4000 client requests seen = [{1, 927}]
  time = 4000      db updates done = [{1, 927}, {2, 922}, {3, 922}, {4, 922}, {5, 922}]

  time = 4500 client requests seen = [{1, 1070}]
  time = 4500      db updates done = [{1, 1067}, {2, 1067}, {3, 1067}, {4, 1067}, {5, 1067}]

  time = 5000 client requests seen = [{1, 1207}]
  time = 5000      db updates done = [{1, 1207}, {2, 1202}, {3, 1202}, {4, 1202}, {5, 1202}]

  time = 5500 client requests seen = [{1, 1347}]
  time = 5500      db updates done = [{1, 1347}, {2, 1342}, {3, 1342}, {4, 1342}, {5, 1342}]

  time = 6000 client requests seen = [{1, 1462}]
  time = 6000      db updates done = [{1, 1461}, {2, 1457}, {3, 1457}, {4, 1457}, {5, 1457}]

  time = 6500 client requests seen = [{1, 1599}]
  time = 6500      db updates done = [{1, 1597}, {2, 1597}, {3, 1596}, {4, 1592}, {5, 1592}]

  time = 7000 client requests seen = [{1, 1737}]
  time = 7000      db updates done = [{1, 1732}, {2, 1732}, {3, 1732}, {4, 1732}, {5, 1732}]

  time = 7500 client requests seen = [{1, 1889}]
  time = 7500      db updates done = [{1, 1887}, {2, 1887}, {3, 1885}, {4, 1882}, {5, 1882}]

  time = 8000 client requests seen = [{1, 2038}]
  time = 8000      db updates done = [{1, 2037}, {2, 2032}, {3, 2032}, {4, 2032}, {5, 2032}]

  time = 8500 client requests seen = [{1, 2172}]
  time = 8500      db updates done = [{1, 2172}, {2, 2167}, {3, 2167}, {4, 2167}, {5, 2167}]

  time = 9000 client requests seen = [{1, 2305}]
  time = 9000      db updates done = [{1, 2302}, {2, 2302}, {3, 2302}, {4, 2302}, {5, 2302}]

  time = 9500 client requests seen = [{1, 2447}]
  time = 9500      db updates done = [{1, 2442}, {2, 2442}, {3, 2442}, {4, 2442}, {5, 2442}]

  time = 10000 client requests seen = [{1, 2584}]
  time = 10000      db updates done = [{1, 2582}, {2, 2582}, {3, 2582}, {4, 2580}, {5, 2577}]

  time = 10500 client requests seen = [{1, 2691}]
  time = 10500      db updates done = [{1, 2687}, {2, 2687}, {3, 2687}, {4, 2687}, {5, 2687}]

  time = 11000 client requests seen = [{1, 2822}]
  time = 11000      db updates done = [{1, 2817}, {2, 2817}, {3, 2817}, {4, 2817}, {5, 2817}]

  time = 11500 client requests seen = [{1, 2974}]
  time = 11500      db updates done = [{1, 2972}, {2, 2971}, {3, 2967}, {4, 2967}, {5, 2967}]

  time = 12000 client requests seen = [{1, 3122}]
  time = 12000      db updates done = [{1, 3122}, {2, 3117}, {3, 3117}, {4, 3117}, {5, 3117}]

  time = 12500 client requests seen = [{1, 3270}]
  time = 12500      db updates done = [{1, 3267}, {2, 3267}, {3, 3267}, {4, 3267}, {5, 3267}]

  time = 13000 client requests seen = [{1, 3415}]
  time = 13000      db updates done = [{1, 3412}, {2, 3412}, {3, 3412}, {4, 3412}, {5, 3412}]

  time = 13500 client requests seen = [{1, 3529}]
  time = 13500      db updates done = [{1, 3527}, {2, 3527}, {3, 3522}, {4, 3522}, {5, 3522}]

  time = 14000 client requests seen = [{1, 3668}]
  time = 14000      db updates done = [{1, 3667}, {2, 3662}, {3, 3662}, {4, 3662}, {5, 3662}]

  Node server2_43_ycniu@127.0.0.1 exiting - maxtime reached
  Node client1_43_ycniu@127.0.0.1 exiting - maxtime reached
  Node client3_43_ycniu@127.0.0.1 exiting - maxtime reached
  Node server5_43_ycniu@127.0.0.1 exiting - maxtime reached
  Node server1_43_ycniu@127.0.0.1 exiting - maxtime reached
  Node client4_43_ycniu@127.0.0.1 exiting - maxtime reached
  Node client2_43_ycniu@127.0.0.1 exiting - maxtime reached
  Node server4_43_ycniu@127.0.0.1 exiting - maxtime reached
  Node client5_43_ycniu@127.0.0.1 exiting - maxtime reached
  Node server3_43_ycniu@127.0.0.1 exiting - maxtime reached
  time = 14500 client requests seen = [{1, 3802}]
  time = 14500      db updates done = [{1, 3802}, {2, 3797}, {3, 3797}, {4, 3797}, {5, 3797}]

  Node raft_43_ycniu@127.0.0.1 exiting - maxtime reached
  time = 15000 client requests seen = [{1, 3927}]
  time = 15000      db updates done = [{1, 3927}, {2, 3922}, {3, 3922}, {4, 3922}, {5, 3922}]

  time = 15500 client requests seen = [{1, 4032}]
  time = 15500      db updates done = [{1, 4032}, {2, 4027}, {3, 4027}, {4, 4027}, {5, 4032}]

