mix compile
Compiling 1 file (.ex)
-------------------------------------------------------------------
server5-0001 role=LEADER    term=001 !inf "Become leader"
  time = 500 client requests seen = [{5, 63}]
  time = 500      db updates done = [{1, 58}, {2, 58}, {3, 58}, {4, 58}, {5, 63}]

  time = 1000 client requests seen = [{5, 207}]
  time = 1000      db updates done = [{1, 203}, {2, 203}, {3, 203}, {4, 203}, {5, 203}]

  time = 1500 client requests seen = [{5, 344}]
  time = 1500      db updates done = [{1, 338}, {2, 338}, {3, 338}, {4, 338}, {5, 343}]

  time = 2000 client requests seen = [{5, 453}]
  time = 2000      db updates done = [{1, 448}, {2, 448}, {3, 448}, {4, 448}, {5, 448}]

  time = 2500 client requests seen = [{5, 568}]
  time = 2500      db updates done = [{1, 563}, {2, 563}, {3, 563}, {4, 563}, {5, 568}]

  time = 3000 client requests seen = [{5, 711}]
  time = 3000      db updates done = [{1, 708}, {2, 708}, {3, 708}, {4, 708}, {5, 708}]

  time = 3500 client requests seen = [{5, 858}]
  time = 3500      db updates done = [{1, 853}, {2, 853}, {3, 853}, {4, 853}, {5, 853}]

  time = 4000 client requests seen = [{5, 993}]
  time = 4000      db updates done = [{1, 988}, {2, 988}, {3, 988}, {4, 988}, {5, 993}]

  time = 4500 client requests seen = [{5, 1138}]
  time = 4500      db updates done = [{1, 1133}, {2, 1133}, {3, 1133}, {4, 1133}, {5, 1133}]

  time = 5000 client requests seen = [{5, 1230}]
  time = 5000      db updates done = [{1, 1228}, {2, 1228}, {3, 1224}, {4, 1223}, {5, 1228}]

  Node server1_00_ycniu@127.0.0.1 exiting - Server1 crashed
  Node server5_00_ycniu@127.0.0.1 exiting - Server5 crashed
server3-0001 role=LEADER    term=002 !inf "Become leader"
  time = 5500 client requests seen = [{3, 26}, {5, 1236}]
  time = 5500      db updates done = [{1, 1228}, {2, 1257}, {3, 1262}, {4, 1257}, {5, 1233}]

  time = 6000 client requests seen = [{3, 106}, {5, 1236}]
  time = 6000      db updates done = [{1, 1228}, {2, 1337}, {3, 1342}, {4, 1337}, {5, 1233}]

  time = 6500 client requests seen = [{3, 176}, {5, 1236}]
  time = 6500      db updates done = [{1, 1228}, {2, 1407}, {3, 1407}, {4, 1407}, {5, 1233}]

  time = 7000 client requests seen = [{3, 251}, {5, 1236}]
  time = 7000      db updates done = [{1, 1228}, {2, 1482}, {3, 1487}, {4, 1482}, {5, 1233}]

  time = 7500 client requests seen = [{3, 326}, {5, 1236}]
  time = 7500      db updates done = [{1, 1228}, {2, 1557}, {3, 1557}, {4, 1557}, {5, 1233}]

  time = 8000 client requests seen = [{3, 404}, {5, 1236}]
  time = 8000      db updates done = [{1, 1228}, {2, 1637}, {3, 1637}, {4, 1637}, {5, 1233}]

  time = 8500 client requests seen = [{3, 496}, {5, 1236}]
  time = 8500      db updates done = [{1, 1228}, {2, 1727}, {3, 1732}, {4, 1727}, {5, 1233}]

  time = 9000 client requests seen = [{3, 596}, {5, 1236}]
  time = 9000      db updates done = [{1, 1228}, {2, 1827}, {3, 1832}, {4, 1827}, {5, 1233}]

  time = 9500 client requests seen = [{3, 681}, {5, 1236}]
  time = 9500      db updates done = [{1, 1228}, {2, 1912}, {3, 1912}, {4, 1912}, {5, 1233}]

  time = 10000 client requests seen = [{3, 772}, {5, 1236}]
  time = 10000      db updates done = [{1, 1228}, {2, 2007}, {3, 2007}, {4, 2002}, {5, 1233}]

  time = 10500 client requests seen = [{3, 862}, {5, 1236}]
  time = 10500      db updates done = [{1, 1228}, {2, 2092}, {3, 2097}, {4, 2092}, {5, 1233}]

  time = 11000 client requests seen = [{3, 952}, {5, 1236}]
  time = 11000      db updates done = [{1, 1228}, {2, 2182}, {3, 2187}, {4, 2182}, {5, 1233}]

  time = 11500 client requests seen = [{3, 1036}, {5, 1236}]
  time = 11500      db updates done = [{1, 1228}, {2, 2267}, {3, 2272}, {4, 2267}, {5, 1233}]

  time = 12000 client requests seen = [{3, 1121}, {5, 1236}]
  time = 12000      db updates done = [{1, 1228}, {2, 2352}, {3, 2352}, {4, 2352}, {5, 1233}]

  time = 12500 client requests seen = [{3, 1202}, {5, 1236}]
  time = 12500      db updates done = [{1, 1228}, {2, 2432}, {3, 2437}, {4, 2432}, {5, 1233}]

  time = 13000 client requests seen = [{3, 1281}, {5, 1236}]
  time = 13000      db updates done = [{1, 1228}, {2, 2512}, {3, 2517}, {4, 2512}, {5, 1233}]

  time = 13500 client requests seen = [{3, 1358}, {5, 1236}]
  time = 13500      db updates done = [{1, 1228}, {2, 2592}, {3, 2592}, {4, 2592}, {5, 1233}]

  time = 14000 client requests seen = [{3, 1441}, {5, 1236}]
  time = 14000      db updates done = [{1, 1228}, {2, 2672}, {3, 2677}, {4, 2672}, {5, 1233}]

  Node server4_00_ycniu@127.0.0.1 exiting - maxtime reached
  Node client4_00_ycniu@127.0.0.1 exiting - maxtime reached
  Node client2_00_ycniu@127.0.0.1 exiting - maxtime reached
  Node server2_00_ycniu@127.0.0.1 exiting - maxtime reached
  Node client3_00_ycniu@127.0.0.1 exiting - maxtime reached
  Node client5_00_ycniu@127.0.0.1 exiting - maxtime reached
  Node client1_00_ycniu@127.0.0.1 exiting - maxtime reached
  Node server3_00_ycniu@127.0.0.1 exiting - maxtime reached
  time = 14500 client requests seen = [{3, 1516}, {5, 1236}]
  time = 14500      db updates done = [{1, 1228}, {2, 2747}, {3, 2752}, {4, 2747}, {5, 1233}]

  Node raft_00_ycniu@127.0.0.1 exiting - maxtime reached
  time = 15000 client requests seen = [{3, 1592}, {5, 1236}]
  time = 15000      db updates done = [{1, 1228}, {2, 2822}, {3, 2827}, {4, 2822}, {5, 1233}]

  time = 15500 client requests seen = [{3, 1633}, {5, 1236}]
  time = 15500      db updates done = [{1, 1228}, {2, 2864}, {3, 2864}, {4, 2862}, {5, 1233}]

