mix compile
Compiling 1 file (.ex)
-------------------------------------------------------------------
server1-0001 role=LEADER    term=001 !inf "Become leader"
server5-0001 role=LEADER    term=002 !inf "Become leader"
server2-0001 role=LEADER    term=003 !inf "Become leader"
  time = 500 client requests seen = []
  time = 500      db updates done = []

server1-0002 role=LEADER    term=004 !inf "Become leader"
server4-0001 role=LEADER    term=005 !inf "Become leader"
server3-0001 role=LEADER    term=006 !inf "Become leader"
server5-0002 role=LEADER    term=007 !inf "Become leader"
  time = 1000 client requests seen = []
  time = 1000      db updates done = []

server3-0002 role=LEADER    term=008 !inf "Become leader"
  time = 1500 client requests seen = [{3, 75}]
  time = 1500      db updates done = [{1, 69}, {2, 69}, {3, 74}, {4, 69}, {5, 69}]

  time = 2000 client requests seen = [{3, 203}]
  time = 2000      db updates done = [{1, 199}, {2, 199}, {3, 199}, {4, 199}, {5, 199}]

  time = 2500 client requests seen = [{3, 324}]
  time = 2500      db updates done = [{1, 319}, {2, 319}, {3, 319}, {4, 319}, {5, 319}]

  time = 3000 client requests seen = [{3, 441}]
  time = 3000      db updates done = [{1, 439}, {2, 439}, {3, 439}, {4, 439}, {5, 434}]

  time = 3500 client requests seen = [{3, 574}]
  time = 3500      db updates done = [{1, 569}, {2, 569}, {3, 574}, {4, 569}, {5, 569}]

  time = 4000 client requests seen = [{3, 692}]
  time = 4000      db updates done = [{1, 689}, {2, 689}, {3, 689}, {4, 689}, {5, 689}]

  time = 4500 client requests seen = [{3, 826}]
  time = 4500      db updates done = [{1, 824}, {2, 824}, {3, 824}, {4, 819}, {5, 819}]

  time = 5000 client requests seen = [{3, 955}]
  time = 5000      db updates done = [{1, 949}, {2, 949}, {3, 954}, {4, 949}, {5, 949}]

  time = 5500 client requests seen = [{3, 1080}]
  time = 5500      db updates done = [{1, 1074}, {2, 1074}, {3, 1079}, {4, 1074}, {5, 1074}]

  time = 6000 client requests seen = [{3, 1217}]
  time = 6000      db updates done = [{1, 1214}, {2, 1214}, {3, 1214}, {4, 1214}, {5, 1214}]

  time = 6500 client requests seen = [{3, 1355}]
  time = 6500      db updates done = [{1, 1349}, {2, 1349}, {3, 1354}, {4, 1349}, {5, 1349}]

  time = 7000 client requests seen = [{3, 1476}]
  time = 7000      db updates done = [{1, 1474}, {2, 1474}, {3, 1474}, {4, 1469}, {5, 1469}]

  time = 7500 client requests seen = [{3, 1616}]
  time = 7500      db updates done = [{1, 1614}, {2, 1614}, {3, 1614}, {4, 1614}, {5, 1613}]

  time = 8000 client requests seen = [{3, 1769}]
  time = 8000      db updates done = [{1, 1764}, {2, 1764}, {3, 1769}, {4, 1764}, {5, 1764}]

  time = 8500 client requests seen = [{3, 1919}]
  time = 8500      db updates done = [{1, 1914}, {2, 1914}, {3, 1919}, {4, 1914}, {5, 1914}]

  time = 9000 client requests seen = [{3, 2064}]
  time = 9000      db updates done = [{1, 2059}, {2, 2059}, {3, 2064}, {4, 2059}, {5, 2059}]

  time = 9500 client requests seen = [{3, 2212}]
  time = 9500      db updates done = [{1, 2209}, {2, 2209}, {3, 2209}, {4, 2209}, {5, 2209}]

  time = 10000 client requests seen = [{3, 2356}]
  time = 10000      db updates done = [{1, 2351}, {2, 2349}, {3, 2354}, {4, 2349}, {5, 2349}]

  time = 10500 client requests seen = [{3, 2469}]
  time = 10500      db updates done = [{1, 2464}, {2, 2464}, {3, 2469}, {4, 2464}, {5, 2464}]

  time = 11000 client requests seen = [{3, 2565}]
  time = 11000      db updates done = [{1, 2563}, {2, 2558}, {3, 2563}, {4, 2558}, {5, 2558}]

  time = 11500 client requests seen = [{3, 2678}]
  time = 11500      db updates done = [{1, 2673}, {2, 2673}, {3, 2673}, {4, 2673}, {5, 2673}]

  time = 12000 client requests seen = [{3, 2818}]
  time = 12000      db updates done = [{1, 2813}, {2, 2813}, {3, 2813}, {4, 2813}, {5, 2813}]

  time = 12500 client requests seen = [{3, 2933}]
  time = 12500      db updates done = [{1, 2928}, {2, 2928}, {3, 2932}, {4, 2928}, {5, 2928}]

  time = 13000 client requests seen = [{3, 3038}]
  time = 13000      db updates done = [{1, 3033}, {2, 3033}, {3, 3033}, {4, 3033}, {5, 3033}]

  time = 13500 client requests seen = [{3, 3178}]
  time = 13500      db updates done = [{1, 3173}, {2, 3173}, {3, 3177}, {4, 3173}, {5, 3173}]

  time = 14000 client requests seen = [{3, 3303}]
  time = 14000      db updates done = [{1, 3298}, {2, 3298}, {3, 3303}, {4, 3298}, {5, 3298}]

  Node server3_21_ycniu@127.0.0.1 exiting - maxtime reached
  Node client5_21_ycniu@127.0.0.1 exiting - maxtime reached
  Node client3_21_ycniu@127.0.0.1 exiting - maxtime reached
  Node client1_21_ycniu@127.0.0.1 exiting - maxtime reached
  Node server1_21_ycniu@127.0.0.1 exiting - maxtime reached
  Node server2_21_ycniu@127.0.0.1 exiting - maxtime reached
  Node client2_21_ycniu@127.0.0.1 exiting - maxtime reached
  Node server4_21_ycniu@127.0.0.1 exiting - maxtime reached
  Node client4_21_ycniu@127.0.0.1 exiting - maxtime reached
  Node server5_21_ycniu@127.0.0.1 exiting - maxtime reached
  time = 14500 client requests seen = [{3, 3394}]
  time = 14500      db updates done = [{1, 3387}, {2, 3387}, {3, 3392}, {4, 3387}, {5, 3387}]

  Node raft_21_ycniu@127.0.0.1 exiting - maxtime reached
  time = 15000 client requests seen = [{3, 3482}]
  time = 15000      db updates done = [{1, 3477}, {2, 3477}, {3, 3477}, {4, 3477}, {5, 3477}]

  time = 15500 client requests seen = [{3, 3537}]
  time = 15500      db updates done = [{1, 3532}, {2, 3532}, {3, 3532}, {4, 3532}, {5, 3532}]

